2026-04-05 14:36:52,318 - INFO - Training data independent size : (8276, 31)
2026-04-05 14:36:52,318 - INFO - Training data dependent size : (8276,)
2026-04-05 14:36:52,318 - INFO - Testing data independent size : (1409, 31)
2026-04-05 14:36:52,318 - INFO - Testing data dependent size : (1409,)
2026-04-05 14:36:52,331 - INFO - Before scaling : 
    tenure_trim  MonthlyCharges_trim  TotalCharges_mode_trim  gender_Male  ...  network_provider_bsnl  network_provider_jio  network_provider_vi  Contract_od
0    -0.223916            -0.147316               -0.038911          0.0  ...                    1.0                   0.0                  0.0          1.0

[1 rows x 31 columns]
2026-04-05 14:36:52,337 - INFO - [[-0.06896591 -0.24624717  0.07643793 ... -0.49500683 -0.47992285
   0.6352842 ]
 [ 0.77675804  0.95713676  1.14830762 ...  2.04017338 -0.47992285
   1.94446973]
 [-1.52551297 -1.10621698 -1.8819504  ... -0.49500683 -0.47992285
  -0.67390134]
 ...
 [ 0.21351433  1.59370264  0.68101733 ... -0.49500683 -0.47992285
  -0.67390134]
 [ 0.485944   -1.27676335 -0.18295721 ... -0.49500683 -0.47992285
   0.55680729]
 [ 0.09414938  0.09080241  0.31221867 ... -0.49500683 -0.47992285
  -0.67390134]]
2026-04-05 14:36:54,119 - INFO - Test accuracy : 0.7721788502484032 
2026-04-05 14:36:54,121 - INFO - Test Confussion matrix: [[801 235]
 [ 86 287]]
2026-04-05 14:36:54,129 - INFO -  classification_report :               precision    recall  f1-score   support

           0       0.90      0.77      0.83      1036
           1       0.55      0.77      0.64       373

    accuracy                           0.77      1409
   macro avg       0.73      0.77      0.74      1409
weighted avg       0.81      0.77      0.78      1409

